[INFO] 01:29:20:350 CPU/(18665:18665): Iniciando CPU

[INFO] 01:29:20:375 CPU/(18665:18665): CPU: Conecta bien memoria 4

[INFO] 01:29:20:390 CPU/(18665:18665): CPU:Handshake exitoso con memoria

[INFO] 01:29:20:407 CPU/(18665:18665): CPU: Conecta bien nucleo 5

[INFO] 01:29:20:418 CPU/(18665:18665): Quantum: 3 TamPag: 256 Quantum Sleep: 500

[INFO] 01:29:20:418 CPU/(18665:18665): Esperando Pcb

[INFO] 01:29:25:460 CPU/(18665:18665): Deserializando PCB

[INFO] 01:29:25:463 CPU/(18665:18665): Recibi PCB del nucleo con el program counter en: 0 y SizeContextoActual en 1

[INFO] 01:29:25:464 CPU/(18665:18665): Enviando pid 0 a UMC

[INFO] 01:29:25:465 CPU/(18665:18665): Envie pid 0 a UMC

[INFO] 01:29:25:465 CPU/(18665:18665): Program counter: 0
[INFO] 01:29:25:465 CPU/(18665:18665): Voy a leer en la posicion de indice de codigo:6

[INFO] 01:29:25:466 CPU/(18665:18665): Direccion= Pag:0 Offset:6 Size:10

[INFO] 01:29:25:466 CPU/(18665:18665): Quiero leer en la direccion: 0 6 10

[INFO] 01:29:25:466 CPU/(18665:18665): Pido instruccion

[INFO] 01:29:25:525 CPU/(18665:18665): Recibi instruccion de UMC con tamanio 10

[INFO] 01:29:25:525 CPU/(18665:18665): Tamanio sentencia: 9

[INFO] 01:29:25:525 CPU/(18665:18665): Recibi sentencia: wait SEM1

[INFO] 01:29:25:526 CPU/(18665:18665): Tamanio semafaro 4
[INFO] 01:29:25:526 CPU/(18665:18665): Pedir semaforo SEM1 de tamnio 5

[INFO] 01:29:25:543 CPU/(18665:18665): programaBloqueado= 1

[INFO] 01:29:25:543 CPU/(18665:18665): Saliendo del wait

[INFO] 01:29:26:44 CPU/(18665:18665): El programa salió por bloqueo

[INFO] 01:29:26:44 CPU/(18665:18665): PC= 1

[INFO] 01:29:26:45 CPU/(18665:18665): Esperando Pcb

[INFO] 01:34:23:431 CPU/(18781:18781): Iniciando CPU

[INFO] 01:34:23:442 CPU/(18781:18781): CPU: Conecta bien memoria 4

[INFO] 01:34:23:452 CPU/(18781:18781): CPU:Handshake exitoso con memoria

[INFO] 01:34:23:466 CPU/(18781:18781): CPU: Conecta bien nucleo 5

[INFO] 01:34:23:487 CPU/(18781:18781): Quantum: 3 TamPag: 256 Quantum Sleep: 500

[INFO] 01:34:23:488 CPU/(18781:18781): Esperando Pcb

[INFO] 01:34:28:558 CPU/(18781:18781): Deserializando PCB

[INFO] 01:34:28:558 CPU/(18781:18781): Recibi PCB del nucleo con el program counter en: 0 y SizeContextoActual en 1

[INFO] 01:34:28:558 CPU/(18781:18781): Enviando pid 0 a UMC

[INFO] 01:34:28:560 CPU/(18781:18781): Envie pid 0 a UMC

[INFO] 01:34:28:561 CPU/(18781:18781): Program counter: 0
[INFO] 01:34:28:561 CPU/(18781:18781): Voy a leer en la posicion de indice de codigo:6

[INFO] 01:34:28:561 CPU/(18781:18781): Direccion= Pag:0 Offset:6 Size:9

[INFO] 01:34:28:561 CPU/(18781:18781): Quiero leer en la direccion: 0 6 9

[INFO] 01:34:28:561 CPU/(18781:18781): Pido instruccion

[INFO] 01:34:28:624 CPU/(18781:18781): Recibi instruccion de UMC con tamanio 9

[INFO] 01:34:28:624 CPU/(18781:18781): Tamanio sentencia: 8

[INFO] 01:34:28:624 CPU/(18781:18781): Recibi sentencia: print 10

[INFO] 01:34:28:625 CPU/(18781:18781): Valor a Imprimir: 10

[INFO] 01:34:28:644 CPU/(18781:18781): Saliendo de imprimir
[INFO] 01:34:29:144 CPU/(18781:18781): Program counter: 1
[INFO] 01:34:29:145 CPU/(18781:18781): Voy a leer en la posicion de indice de codigo:15

[INFO] 01:34:29:145 CPU/(18781:18781): Direccion= Pag:0 Offset:15 Size:9

[INFO] 01:34:29:145 CPU/(18781:18781): Quiero leer en la direccion: 0 15 9

[INFO] 01:34:29:147 CPU/(18781:18781): Pido instruccion

[INFO] 01:34:29:147 CPU/(18781:18781): Recibi instruccion de UMC con tamanio 9

[INFO] 01:34:29:147 CPU/(18781:18781): Tamanio sentencia: 8

[INFO] 01:34:29:148 CPU/(18781:18781): Recibi sentencia: print 10

[INFO] 01:34:29:148 CPU/(18781:18781): Valor a Imprimir: 10

[INFO] 01:34:29:156 CPU/(18781:18781): Saliendo de imprimir
[INFO] 01:34:29:656 CPU/(18781:18781): Program counter: 2
[INFO] 01:34:29:657 CPU/(18781:18781): Voy a leer en la posicion de indice de codigo:24

[INFO] 01:34:29:657 CPU/(18781:18781): Direccion= Pag:0 Offset:24 Size:9

[INFO] 01:34:29:657 CPU/(18781:18781): Quiero leer en la direccion: 0 24 9

[INFO] 01:34:29:659 CPU/(18781:18781): Pido instruccion

[INFO] 01:34:29:659 CPU/(18781:18781): Recibi instruccion de UMC con tamanio 9

[INFO] 01:34:29:660 CPU/(18781:18781): Tamanio sentencia: 8

[INFO] 01:34:29:660 CPU/(18781:18781): Recibi sentencia: print 10

[INFO] 01:34:29:660 CPU/(18781:18781): Valor a Imprimir: 10

[INFO] 01:34:29:667 CPU/(18781:18781): Saliendo de imprimir
[INFO] 01:34:30:168 CPU/(18781:18781): Saliendo por fin de quantum

[INFO] 01:34:30:168 CPU/(18781:18781): SizeContextoActual antes: 1

[INFO] 01:34:30:168 CPU/(18781:18781): SizeContextoActual despues: 1

[INFO] 01:34:30:172 CPU/(18781:18781): Esperando Pcb

[INFO] 01:34:34:172 CPU/(18781:18781): Deserializando PCB

[INFO] 01:34:34:173 CPU/(18781:18781): Recibi PCB del nucleo con el program counter en: 3 y SizeContextoActual en 1

[INFO] 01:34:34:173 CPU/(18781:18781): Enviando pid 0 a UMC

[INFO] 01:34:34:174 CPU/(18781:18781): Envie pid 0 a UMC

[INFO] 01:34:34:174 CPU/(18781:18781): Program counter: 3
[INFO] 01:34:34:174 CPU/(18781:18781): Voy a leer en la posicion de indice de codigo:33

[INFO] 01:34:34:174 CPU/(18781:18781): Direccion= Pag:0 Offset:33 Size:9

[INFO] 01:34:34:175 CPU/(18781:18781): Quiero leer en la direccion: 0 33 9

[INFO] 01:34:34:175 CPU/(18781:18781): Pido instruccion

[INFO] 01:34:34:212 CPU/(18781:18781): Recibi instruccion de UMC con tamanio 9

[INFO] 01:34:34:212 CPU/(18781:18781): Tamanio sentencia: 8

[INFO] 01:34:34:212 CPU/(18781:18781): Recibi sentencia: print 10

[INFO] 01:34:34:212 CPU/(18781:18781): Valor a Imprimir: 10

[INFO] 01:34:34:217 CPU/(18781:18781): Saliendo de imprimir
[INFO] 01:34:34:717 CPU/(18781:18781): Program counter: 4
[INFO] 01:34:34:718 CPU/(18781:18781): Voy a leer en la posicion de indice de codigo:42

[INFO] 01:34:34:718 CPU/(18781:18781): Direccion= Pag:0 Offset:42 Size:9

[INFO] 01:34:34:718 CPU/(18781:18781): Quiero leer en la direccion: 0 42 9

[INFO] 01:34:34:721 CPU/(18781:18781): Pido instruccion

[INFO] 01:34:34:721 CPU/(18781:18781): Recibi instruccion de UMC con tamanio 9

[INFO] 01:34:34:721 CPU/(18781:18781): Tamanio sentencia: 8

[INFO] 01:34:34:721 CPU/(18781:18781): Recibi sentencia: print 10

[INFO] 01:34:34:722 CPU/(18781:18781): Valor a Imprimir: 10

[INFO] 01:34:34:732 CPU/(18781:18781): Saliendo de imprimir
[INFO] 01:34:35:233 CPU/(18781:18781): Program counter: 5
[INFO] 01:34:35:233 CPU/(18781:18781): Voy a leer en la posicion de indice de codigo:51

[INFO] 01:34:35:233 CPU/(18781:18781): Direccion= Pag:0 Offset:51 Size:9

[INFO] 01:34:35:233 CPU/(18781:18781): Quiero leer en la direccion: 0 51 9

[INFO] 01:34:35:235 CPU/(18781:18781): Pido instruccion

[INFO] 01:34:35:235 CPU/(18781:18781): Recibi instruccion de UMC con tamanio 9

[INFO] 01:34:35:236 CPU/(18781:18781): Tamanio sentencia: 8

[INFO] 01:34:35:236 CPU/(18781:18781): Recibi sentencia: print 10

[INFO] 01:34:35:236 CPU/(18781:18781): Valor a Imprimir: 10

[INFO] 01:34:35:244 CPU/(18781:18781): Saliendo de imprimir
[INFO] 01:34:35:744 CPU/(18781:18781): Saliendo por fin de quantum

[INFO] 01:34:35:744 CPU/(18781:18781): SizeContextoActual antes: 1

[INFO] 01:34:35:745 CPU/(18781:18781): SizeContextoActual despues: 1

[INFO] 01:34:35:749 CPU/(18781:18781): Esperando Pcb

[INFO] 01:34:39:749 CPU/(18781:18781): Deserializando PCB

[INFO] 01:34:39:750 CPU/(18781:18781): Recibi PCB del nucleo con el program counter en: 6 y SizeContextoActual en 1

[INFO] 01:34:39:750 CPU/(18781:18781): Enviando pid 0 a UMC

[INFO] 01:34:39:752 CPU/(18781:18781): Envie pid 0 a UMC

[INFO] 01:34:39:752 CPU/(18781:18781): Program counter: 6
[INFO] 01:34:39:752 CPU/(18781:18781): Voy a leer en la posicion de indice de codigo:60

[INFO] 01:34:39:752 CPU/(18781:18781): Direccion= Pag:0 Offset:60 Size:9

[INFO] 01:34:39:753 CPU/(18781:18781): Quiero leer en la direccion: 0 60 9

[INFO] 01:34:39:753 CPU/(18781:18781): Pido instruccion

[INFO] 01:34:39:792 CPU/(18781:18781): Recibi instruccion de UMC con tamanio 9

[INFO] 01:34:39:792 CPU/(18781:18781): Tamanio sentencia: 8

[INFO] 01:34:39:792 CPU/(18781:18781): Recibi sentencia: print 10

[INFO] 01:34:39:792 CPU/(18781:18781): Valor a Imprimir: 10

[INFO] 01:34:39:799 CPU/(18781:18781): Saliendo de imprimir
[INFO] 01:34:40:300 CPU/(18781:18781): Program counter: 7
[INFO] 01:34:40:300 CPU/(18781:18781): Voy a leer en la posicion de indice de codigo:69

[INFO] 01:34:40:300 CPU/(18781:18781): Direccion= Pag:0 Offset:69 Size:9

[INFO] 01:34:40:300 CPU/(18781:18781): Quiero leer en la direccion: 0 69 9

[INFO] 01:34:40:302 CPU/(18781:18781): Pido instruccion

[INFO] 01:34:40:302 CPU/(18781:18781): Recibi instruccion de UMC con tamanio 9

[INFO] 01:34:40:302 CPU/(18781:18781): Tamanio sentencia: 8

[INFO] 01:34:40:302 CPU/(18781:18781): Recibi sentencia: print 10

[INFO] 01:34:40:303 CPU/(18781:18781): Valor a Imprimir: 10

[INFO] 01:34:40:307 CPU/(18781:18781): Saliendo de imprimir
[INFO] 01:34:40:808 CPU/(18781:18781): Program counter: 8
[INFO] 01:34:40:808 CPU/(18781:18781): Voy a leer en la posicion de indice de codigo:78

[INFO] 01:34:40:808 CPU/(18781:18781): Direccion= Pag:0 Offset:78 Size:9

[INFO] 01:34:40:808 CPU/(18781:18781): Quiero leer en la direccion: 0 78 9

[INFO] 01:34:40:810 CPU/(18781:18781): Pido instruccion

[INFO] 01:34:40:810 CPU/(18781:18781): Recibi instruccion de UMC con tamanio 9

[INFO] 01:34:40:811 CPU/(18781:18781): Tamanio sentencia: 8

[INFO] 01:34:40:811 CPU/(18781:18781): Recibi sentencia: print 10

[INFO] 01:34:40:811 CPU/(18781:18781): Valor a Imprimir: 10

[INFO] 01:34:40:817 CPU/(18781:18781): Saliendo de imprimir
[INFO] 01:34:41:317 CPU/(18781:18781): Saliendo por fin de quantum

[INFO] 01:34:41:317 CPU/(18781:18781): SizeContextoActual antes: 1

[INFO] 01:34:41:317 CPU/(18781:18781): SizeContextoActual despues: 1

[INFO] 01:34:41:321 CPU/(18781:18781): Esperando Pcb

[INFO] 01:34:45:322 CPU/(18781:18781): Deserializando PCB

[INFO] 01:34:45:322 CPU/(18781:18781): Recibi PCB del nucleo con el program counter en: 9 y SizeContextoActual en 1

[INFO] 01:34:45:322 CPU/(18781:18781): Enviando pid 0 a UMC

[INFO] 01:34:45:323 CPU/(18781:18781): Envie pid 0 a UMC

[INFO] 01:34:45:323 CPU/(18781:18781): Program counter: 9
[INFO] 01:34:45:323 CPU/(18781:18781): Voy a leer en la posicion de indice de codigo:87

[INFO] 01:34:45:323 CPU/(18781:18781): Direccion= Pag:0 Offset:87 Size:9

[INFO] 01:34:45:324 CPU/(18781:18781): Quiero leer en la direccion: 0 87 9

[INFO] 01:34:45:324 CPU/(18781:18781): Pido instruccion

[INFO] 01:34:45:364 CPU/(18781:18781): Recibi instruccion de UMC con tamanio 9

[INFO] 01:34:45:364 CPU/(18781:18781): Tamanio sentencia: 8

[INFO] 01:34:45:364 CPU/(18781:18781): Recibi sentencia: print 10

[INFO] 01:34:45:364 CPU/(18781:18781): Valor a Imprimir: 10

[INFO] 01:34:45:371 CPU/(18781:18781): Saliendo de imprimir
[INFO] 01:34:45:871 CPU/(18781:18781): Program counter: 10
[INFO] 01:34:45:871 CPU/(18781:18781): Voy a leer en la posicion de indice de codigo:96

[INFO] 01:34:45:872 CPU/(18781:18781): Direccion= Pag:0 Offset:96 Size:9

[INFO] 01:34:45:872 CPU/(18781:18781): Quiero leer en la direccion: 0 96 9

[INFO] 01:34:45:873 CPU/(18781:18781): Pido instruccion

[INFO] 01:34:45:874 CPU/(18781:18781): Recibi instruccion de UMC con tamanio 9

[INFO] 01:34:45:875 CPU/(18781:18781): Tamanio sentencia: 8

[INFO] 01:34:45:875 CPU/(18781:18781): Recibi sentencia: print 10

[INFO] 01:34:45:875 CPU/(18781:18781): Valor a Imprimir: 10

[INFO] 01:34:45:881 CPU/(18781:18781): Saliendo de imprimir
[INFO] 01:34:46:381 CPU/(18781:18781): Program counter: 11
[INFO] 01:34:46:382 CPU/(18781:18781): Voy a leer en la posicion de indice de codigo:105

[INFO] 01:34:46:382 CPU/(18781:18781): Direccion= Pag:0 Offset:105 Size:9

[INFO] 01:34:46:382 CPU/(18781:18781): Quiero leer en la direccion: 0 105 9

[INFO] 01:34:46:385 CPU/(18781:18781): Pido instruccion

[INFO] 01:34:46:385 CPU/(18781:18781): Recibi instruccion de UMC con tamanio 9

[INFO] 01:34:46:385 CPU/(18781:18781): Tamanio sentencia: 8

[INFO] 01:34:46:385 CPU/(18781:18781): Recibi sentencia: print 10

[INFO] 01:34:46:385 CPU/(18781:18781): Valor a Imprimir: 10

[INFO] 01:34:46:392 CPU/(18781:18781): Saliendo de imprimir
[INFO] 01:34:46:893 CPU/(18781:18781): Saliendo por fin de quantum

[INFO] 01:34:46:893 CPU/(18781:18781): SizeContextoActual antes: 1

[INFO] 01:34:46:893 CPU/(18781:18781): SizeContextoActual despues: 1

[INFO] 01:34:46:899 CPU/(18781:18781): Esperando Pcb

[INFO] 01:34:50:906 CPU/(18781:18781): Deserializando PCB

[INFO] 01:34:50:907 CPU/(18781:18781): Recibi PCB del nucleo con el program counter en: 12 y SizeContextoActual en 1

[INFO] 01:34:50:907 CPU/(18781:18781): Enviando pid 0 a UMC

[INFO] 01:34:50:909 CPU/(18781:18781): Envie pid 0 a UMC

[INFO] 01:34:50:909 CPU/(18781:18781): Program counter: 12
[INFO] 01:34:50:909 CPU/(18781:18781): Voy a leer en la posicion de indice de codigo:114

[INFO] 01:34:50:909 CPU/(18781:18781): Direccion= Pag:0 Offset:114 Size:9

[INFO] 01:34:50:909 CPU/(18781:18781): Quiero leer en la direccion: 0 114 9

[INFO] 01:34:50:909 CPU/(18781:18781): Pido instruccion

[INFO] 01:34:50:948 CPU/(18781:18781): Recibi instruccion de UMC con tamanio 9

[INFO] 01:34:50:948 CPU/(18781:18781): Tamanio sentencia: 8

[INFO] 01:34:50:948 CPU/(18781:18781): Recibi sentencia: print 10

[INFO] 01:34:50:948 CPU/(18781:18781): Valor a Imprimir: 10

[INFO] 01:34:50:955 CPU/(18781:18781): Saliendo de imprimir
[INFO] 01:34:51:455 CPU/(18781:18781): Program counter: 13
[INFO] 01:34:51:456 CPU/(18781:18781): Voy a leer en la posicion de indice de codigo:123

[INFO] 01:34:51:456 CPU/(18781:18781): Direccion= Pag:0 Offset:123 Size:9

[INFO] 01:34:51:456 CPU/(18781:18781): Quiero leer en la direccion: 0 123 9

[INFO] 01:34:51:458 CPU/(18781:18781): Pido instruccion

[INFO] 01:34:51:458 CPU/(18781:18781): Recibi instruccion de UMC con tamanio 9

[INFO] 01:34:51:458 CPU/(18781:18781): Tamanio sentencia: 8

[INFO] 01:34:51:459 CPU/(18781:18781): Recibi sentencia: print 10

[INFO] 01:34:51:459 CPU/(18781:18781): Valor a Imprimir: 10

[INFO] 01:34:51:468 CPU/(18781:18781): Saliendo de imprimir
[INFO] 01:34:51:968 CPU/(18781:18781): Program counter: 14
[INFO] 01:34:51:968 CPU/(18781:18781): Voy a leer en la posicion de indice de codigo:132

[INFO] 01:34:51:969 CPU/(18781:18781): Direccion= Pag:0 Offset:132 Size:9

[INFO] 01:34:51:969 CPU/(18781:18781): Quiero leer en la direccion: 0 132 9

[INFO] 01:34:51:971 CPU/(18781:18781): Pido instruccion

[INFO] 01:34:51:971 CPU/(18781:18781): Recibi instruccion de UMC con tamanio 9

[INFO] 01:34:51:971 CPU/(18781:18781): Tamanio sentencia: 8

[INFO] 01:34:51:971 CPU/(18781:18781): Recibi sentencia: print 10

[INFO] 01:34:51:972 CPU/(18781:18781): Valor a Imprimir: 10

[INFO] 01:34:51:978 CPU/(18781:18781): Saliendo de imprimir
[INFO] 01:34:52:478 CPU/(18781:18781): Saliendo por fin de quantum

[INFO] 01:34:52:479 CPU/(18781:18781): SizeContextoActual antes: 1

[INFO] 01:34:52:479 CPU/(18781:18781): SizeContextoActual despues: 1

[INFO] 01:34:52:484 CPU/(18781:18781): Esperando Pcb

[INFO] 01:34:56:485 CPU/(18781:18781): Deserializando PCB

[INFO] 01:34:56:485 CPU/(18781:18781): Recibi PCB del nucleo con el program counter en: 15 y SizeContextoActual en 1

[INFO] 01:34:56:485 CPU/(18781:18781): Enviando pid 0 a UMC

[INFO] 01:34:56:486 CPU/(18781:18781): Envie pid 0 a UMC

[INFO] 01:34:56:487 CPU/(18781:18781): Program counter: 15
[INFO] 01:34:56:487 CPU/(18781:18781): Voy a leer en la posicion de indice de codigo:141

[INFO] 01:34:56:487 CPU/(18781:18781): Direccion= Pag:0 Offset:141 Size:9

[INFO] 01:34:56:487 CPU/(18781:18781): Quiero leer en la direccion: 0 141 9

[INFO] 01:34:56:487 CPU/(18781:18781): Pido instruccion

[INFO] 01:34:56:528 CPU/(18781:18781): Recibi instruccion de UMC con tamanio 9

[INFO] 01:34:56:528 CPU/(18781:18781): Tamanio sentencia: 8

[INFO] 01:34:56:528 CPU/(18781:18781): Recibi sentencia: print 10

[INFO] 01:34:56:529 CPU/(18781:18781): Valor a Imprimir: 10

[INFO] 01:34:56:536 CPU/(18781:18781): Saliendo de imprimir
[INFO] 01:34:57:37 CPU/(18781:18781): Program counter: 16
[INFO] 01:34:57:37 CPU/(18781:18781): Voy a leer en la posicion de indice de codigo:150

[INFO] 01:34:57:37 CPU/(18781:18781): Direccion= Pag:0 Offset:150 Size:9

[INFO] 01:34:57:37 CPU/(18781:18781): Quiero leer en la direccion: 0 150 9

[INFO] 01:34:57:39 CPU/(18781:18781): Pido instruccion

[INFO] 01:34:57:40 CPU/(18781:18781): Recibi instruccion de UMC con tamanio 9

[INFO] 01:34:57:40 CPU/(18781:18781): Tamanio sentencia: 8

[INFO] 01:34:57:40 CPU/(18781:18781): Recibi sentencia: print 10

[INFO] 01:34:57:40 CPU/(18781:18781): Valor a Imprimir: 10

[INFO] 01:34:57:48 CPU/(18781:18781): Saliendo de imprimir
[INFO] 01:34:57:549 CPU/(18781:18781): Program counter: 17
[INFO] 01:34:57:549 CPU/(18781:18781): Voy a leer en la posicion de indice de codigo:159

[INFO] 01:34:57:549 CPU/(18781:18781): Direccion= Pag:0 Offset:159 Size:9

[INFO] 01:34:57:549 CPU/(18781:18781): Quiero leer en la direccion: 0 159 9

[INFO] 01:34:57:551 CPU/(18781:18781): Pido instruccion

[INFO] 01:34:57:551 CPU/(18781:18781): Recibi instruccion de UMC con tamanio 9

[INFO] 01:34:57:551 CPU/(18781:18781): Tamanio sentencia: 8

[INFO] 01:34:57:552 CPU/(18781:18781): Recibi sentencia: print 10

[INFO] 01:34:57:552 CPU/(18781:18781): Valor a Imprimir: 10

[INFO] 01:34:57:560 CPU/(18781:18781): Saliendo de imprimir
[INFO] 01:34:58:60 CPU/(18781:18781): Saliendo por fin de quantum

[INFO] 01:34:58:60 CPU/(18781:18781): SizeContextoActual antes: 1

[INFO] 01:34:58:61 CPU/(18781:18781): SizeContextoActual despues: 1

[INFO] 01:34:58:64 CPU/(18781:18781): Esperando Pcb

[INFO] 01:35:02:65 CPU/(18781:18781): Deserializando PCB

[INFO] 01:35:02:65 CPU/(18781:18781): Recibi PCB del nucleo con el program counter en: 18 y SizeContextoActual en 1

[INFO] 01:35:02:65 CPU/(18781:18781): Enviando pid 0 a UMC

[INFO] 01:35:02:66 CPU/(18781:18781): Envie pid 0 a UMC

[INFO] 01:35:02:66 CPU/(18781:18781): Program counter: 18
[INFO] 01:35:02:67 CPU/(18781:18781): Voy a leer en la posicion de indice de codigo:168

[INFO] 01:35:02:67 CPU/(18781:18781): Direccion= Pag:0 Offset:168 Size:9

[INFO] 01:35:02:67 CPU/(18781:18781): Quiero leer en la direccion: 0 168 9

[INFO] 01:35:02:67 CPU/(18781:18781): Pido instruccion

[INFO] 01:35:02:108 CPU/(18781:18781): Recibi instruccion de UMC con tamanio 9

[INFO] 01:35:02:108 CPU/(18781:18781): Tamanio sentencia: 8

[INFO] 01:35:02:108 CPU/(18781:18781): Recibi sentencia: print 10

[INFO] 01:35:02:109 CPU/(18781:18781): Valor a Imprimir: 10

[INFO] 01:35:02:116 CPU/(18781:18781): Saliendo de imprimir
[INFO] 01:35:02:616 CPU/(18781:18781): Program counter: 19
[INFO] 01:35:02:616 CPU/(18781:18781): Voy a leer en la posicion de indice de codigo:177

[INFO] 01:35:02:617 CPU/(18781:18781): Direccion= Pag:0 Offset:177 Size:9

[INFO] 01:35:02:617 CPU/(18781:18781): Quiero leer en la direccion: 0 177 9

[INFO] 01:35:02:619 CPU/(18781:18781): Pido instruccion

[INFO] 01:35:02:619 CPU/(18781:18781): Recibi instruccion de UMC con tamanio 9

[INFO] 01:35:02:619 CPU/(18781:18781): Tamanio sentencia: 8

[INFO] 01:35:02:619 CPU/(18781:18781): Recibi sentencia: print 10

[INFO] 01:35:02:619 CPU/(18781:18781): Valor a Imprimir: 10

[INFO] 01:35:02:628 CPU/(18781:18781): Saliendo de imprimir
[INFO] 01:35:03:128 CPU/(18781:18781): Program counter: 20
[INFO] 01:35:03:128 CPU/(18781:18781): Voy a leer en la posicion de indice de codigo:186

[INFO] 01:35:03:129 CPU/(18781:18781): Direccion= Pag:0 Offset:186 Size:9

[INFO] 01:35:03:129 CPU/(18781:18781): Quiero leer en la direccion: 0 186 9

[INFO] 01:35:03:131 CPU/(18781:18781): Pido instruccion

[INFO] 01:35:03:131 CPU/(18781:18781): Recibi instruccion de UMC con tamanio 9

[INFO] 01:35:03:131 CPU/(18781:18781): Tamanio sentencia: 8

[INFO] 01:35:03:131 CPU/(18781:18781): Recibi sentencia: print 10

[INFO] 01:35:03:132 CPU/(18781:18781): Valor a Imprimir: 10

[INFO] 01:35:03:140 CPU/(18781:18781): Saliendo de imprimir
[INFO] 01:35:03:640 CPU/(18781:18781): Saliendo por fin de quantum

[INFO] 01:35:03:640 CPU/(18781:18781): SizeContextoActual antes: 1

[INFO] 01:35:03:641 CPU/(18781:18781): SizeContextoActual despues: 1

[INFO] 01:35:03:645 CPU/(18781:18781): Esperando Pcb

[INFO] 01:35:07:645 CPU/(18781:18781): Deserializando PCB

[INFO] 01:35:07:646 CPU/(18781:18781): Recibi PCB del nucleo con el program counter en: 21 y SizeContextoActual en 1

[INFO] 01:35:07:646 CPU/(18781:18781): Enviando pid 0 a UMC

[INFO] 01:35:07:648 CPU/(18781:18781): Envie pid 0 a UMC

[INFO] 01:35:07:648 CPU/(18781:18781): Program counter: 21
[INFO] 01:35:07:648 CPU/(18781:18781): Voy a leer en la posicion de indice de codigo:195

[INFO] 01:35:07:649 CPU/(18781:18781): Direccion= Pag:0 Offset:195 Size:9

[INFO] 01:35:07:649 CPU/(18781:18781): Quiero leer en la direccion: 0 195 9

[INFO] 01:35:07:649 CPU/(18781:18781): Pido instruccion

[INFO] 01:35:07:688 CPU/(18781:18781): Recibi instruccion de UMC con tamanio 9

[INFO] 01:35:07:688 CPU/(18781:18781): Tamanio sentencia: 8

[INFO] 01:35:07:688 CPU/(18781:18781): Recibi sentencia: print 10

[INFO] 01:35:07:688 CPU/(18781:18781): Valor a Imprimir: 10

[INFO] 01:35:07:695 CPU/(18781:18781): Saliendo de imprimir
[INFO] 01:35:08:195 CPU/(18781:18781): Program counter: 22
[INFO] 01:35:08:195 CPU/(18781:18781): Voy a leer en la posicion de indice de codigo:204

[INFO] 01:35:08:196 CPU/(18781:18781): Direccion= Pag:0 Offset:204 Size:9

[INFO] 01:35:08:196 CPU/(18781:18781): Quiero leer en la direccion: 0 204 9

[INFO] 01:35:08:198 CPU/(18781:18781): Pido instruccion

[INFO] 01:35:08:198 CPU/(18781:18781): Recibi instruccion de UMC con tamanio 9

[INFO] 01:35:08:198 CPU/(18781:18781): Tamanio sentencia: 8

[INFO] 01:35:08:199 CPU/(18781:18781): Recibi sentencia: print 10

[INFO] 01:35:08:199 CPU/(18781:18781): Valor a Imprimir: 10

[INFO] 01:35:08:208 CPU/(18781:18781): Saliendo de imprimir
[INFO] 01:35:08:709 CPU/(18781:18781): Program counter: 23
[INFO] 01:35:08:709 CPU/(18781:18781): Voy a leer en la posicion de indice de codigo:213

[INFO] 01:35:08:709 CPU/(18781:18781): Direccion= Pag:0 Offset:213 Size:10

[INFO] 01:35:08:709 CPU/(18781:18781): Quiero leer en la direccion: 0 213 10

[INFO] 01:35:08:711 CPU/(18781:18781): Pido instruccion

[INFO] 01:35:08:712 CPU/(18781:18781): Recibi instruccion de UMC con tamanio 10

[INFO] 01:35:08:712 CPU/(18781:18781): Tamanio sentencia: 9

[INFO] 01:35:08:712 CPU/(18781:18781): Recibi sentencia: print 10 

[INFO] 01:35:08:712 CPU/(18781:18781): Valor a Imprimir: 10

[INFO] 01:35:08:720 CPU/(18781:18781): Saliendo de imprimir
[INFO] 01:35:09:221 CPU/(18781:18781): Saliendo por fin de quantum

[INFO] 01:35:09:221 CPU/(18781:18781): SizeContextoActual antes: 1

[INFO] 01:35:09:221 CPU/(18781:18781): SizeContextoActual despues: 1

[INFO] 01:35:09:226 CPU/(18781:18781): Esperando Pcb

[INFO] 01:35:13:227 CPU/(18781:18781): Deserializando PCB

[INFO] 01:35:13:228 CPU/(18781:18781): Recibi PCB del nucleo con el program counter en: 24 y SizeContextoActual en 1

[INFO] 01:35:13:228 CPU/(18781:18781): Enviando pid 0 a UMC

[INFO] 01:35:13:229 CPU/(18781:18781): Envie pid 0 a UMC

[INFO] 01:35:13:229 CPU/(18781:18781): Program counter: 24
[INFO] 01:35:13:229 CPU/(18781:18781): Voy a leer en la posicion de indice de codigo:223

[INFO] 01:35:13:230 CPU/(18781:18781): Direccion= Pag:0 Offset:223 Size:9

[INFO] 01:35:13:230 CPU/(18781:18781): Quiero leer en la direccion: 0 223 9

[INFO] 01:35:13:230 CPU/(18781:18781): Pido instruccion

[INFO] 01:35:13:269 CPU/(18781:18781): Recibi instruccion de UMC con tamanio 9

[INFO] 01:35:13:269 CPU/(18781:18781): Tamanio sentencia: 8

[INFO] 01:35:13:269 CPU/(18781:18781): Recibi sentencia: print 10

[INFO] 01:35:13:269 CPU/(18781:18781): Valor a Imprimir: 10

[INFO] 01:35:13:280 CPU/(18781:18781): Saliendo de imprimir
[INFO] 01:35:13:782 CPU/(18781:18781): Program counter: 25
[INFO] 01:35:13:782 CPU/(18781:18781): Voy a leer en la posicion de indice de codigo:232

[INFO] 01:35:13:782 CPU/(18781:18781): Direccion= Pag:0 Offset:232 Size:9

[INFO] 01:35:13:782 CPU/(18781:18781): Quiero leer en la direccion: 0 232 9

[INFO] 01:35:13:785 CPU/(18781:18781): Pido instruccion

[INFO] 01:35:13:785 CPU/(18781:18781): Recibi instruccion de UMC con tamanio 9

[INFO] 01:35:13:790 CPU/(18781:18781): Tamanio sentencia: 8

[INFO] 01:35:13:790 CPU/(18781:18781): Recibi sentencia: print 10

[INFO] 01:35:13:790 CPU/(18781:18781): Valor a Imprimir: 10

[INFO] 01:35:13:793 CPU/(18781:18781): Saliendo de imprimir
[INFO] 01:35:14:294 CPU/(18781:18781): Program counter: 26
[INFO] 01:35:14:294 CPU/(18781:18781): Voy a leer en la posicion de indice de codigo:241

[INFO] 01:35:14:294 CPU/(18781:18781): Direccion= Pag:0 Offset:241 Size:9

[INFO] 01:35:14:295 CPU/(18781:18781): Quiero leer en la direccion: 0 241 9

[INFO] 01:35:14:296 CPU/(18781:18781): Pido instruccion

[INFO] 01:35:14:297 CPU/(18781:18781): Recibi instruccion de UMC con tamanio 9

[INFO] 01:35:14:297 CPU/(18781:18781): Tamanio sentencia: 8

[INFO] 01:35:14:297 CPU/(18781:18781): Recibi sentencia: print 10

[INFO] 01:35:14:297 CPU/(18781:18781): Valor a Imprimir: 10

[INFO] 01:35:14:304 CPU/(18781:18781): Saliendo de imprimir
[INFO] 01:35:14:805 CPU/(18781:18781): Saliendo por fin de quantum

[INFO] 01:35:14:805 CPU/(18781:18781): SizeContextoActual antes: 1

[INFO] 01:35:14:805 CPU/(18781:18781): SizeContextoActual despues: 1

[INFO] 01:35:14:810 CPU/(18781:18781): Esperando Pcb

[INFO] 01:35:18:811 CPU/(18781:18781): Deserializando PCB

[INFO] 01:35:18:811 CPU/(18781:18781): Recibi PCB del nucleo con el program counter en: 27 y SizeContextoActual en 1

[INFO] 01:35:18:811 CPU/(18781:18781): Enviando pid 0 a UMC

[INFO] 01:35:18:813 CPU/(18781:18781): Envie pid 0 a UMC

[INFO] 01:35:18:813 CPU/(18781:18781): Program counter: 27
[INFO] 01:35:18:813 CPU/(18781:18781): Voy a leer en la posicion de indice de codigo:250

[INFO] 01:35:18:813 CPU/(18781:18781): Direccion= Pag:0 Offset:250 Size:9

[INFO] 01:35:18:814 CPU/(18781:18781): Quiero leer en la direccion: 0 250 9

[INFO] 01:35:18:814 CPU/(18781:18781): Pido instruccion

[INFO] 01:35:18:852 CPU/(18781:18781): Recibi instruccion de UMC con tamanio 9

[INFO] 01:35:18:852 CPU/(18781:18781): Tamanio sentencia: 6

[INFO] 01:35:18:852 CPU/(18781:18781): Recibi sentencia: print 

